objc[9780]: Class JavaLaunchHelper is implemented in both /Library/Java/JavaVirtualMachines/jdk1.8.0_131.jdk/Contents/Home/bin/java (0x10bdb64c0) and /Library/Java/JavaVirtualMachines/jdk1.8.0_131.jdk/Contents/Home/jre/lib/libinstrument.dylib (0x10be7f4e0). One of the two will be used. Which one is undefined.
time0
time103
time207
time313
time414
time518
time622
time733
time839
time945
time1049
time1155
time1260
time1363
time1470
time1577
time1682
time1784
time1891
time1995
time2101
time2204
time2306
time2410
time2514
time2619
time2725
time2829
time2936
time3038
time3145
time3251
time3355
time3460
time3565
time3667
time4137
time5220
time5804
time6685
Exception in thread "Thread-0" time7656
*** java.lang.instrument ASSERTION FAILED ***: "!errorOutstanding" with message can't create byte arrau at JPLISAgent.c line: 813
time8938
*** java.lang.instrument ASSERTION FAILED ***: "!errorOutstanding" with message can't create byte arrau at JPLISAgent.c line: 813
java.lang.OutOfMemoryError: Java heap space
	at StwDemo.WorkerThread.run(WorkerThread.java:32)
time9043
time9146
time9251
time9355
time9457
time9561
time9664
time9765
time9870
time9974
time11176
time11280
time11384
time11484
time11588
time11693
time11797
time11902
time12006
time13018
time13122
time13225
time13330
time13434
time13539
time13643
time13748
time13852
time14902
time15007
time15109
time15213
time15315
time15419
time15524
time15628
time15733
time15837
time15942
time16046
time16151
time16255
time16360
time16463
time16567
time16672
time16777
time16881
time16983
time17088
time17193
time17298
time17402
time18537
time18640
time18742
time18847
time18951
time19053
time19158
time19262
time19367
time19471
time19576
time19680
time19785
time19889
time19994
time20098
time20203
time21277
time21377
time21480
time21584
time21689
time21793
time21898
time22002
time22107
time22211
time22316
time22420
time22525
time22629
time22734
time22838
time22943
time23047
time23152
time23256
time23360
time23465
time23569
time23674
time25850
*** java.lang.instrument ASSERTION FAILED ***: "!errorOutstanding" with message can't create byte arrau at JPLISAgent.c line: 813
